# JRE version: OpenJDK Runtime Environment (11.0.12+7) (build 11.0.12+7-b1504.28-7817840)
# Java VM: OpenJDK 64-Bit Server VM (11.0.12+7-b1504.28-7817840, mixed mode, tiered, compressed oops, g1 gc, windows-amd64)
Heap:
 garbage-first heap   total 260096K, used 52134K [0x0000000080000000, 0x0000000100000000)
  region size 1024K, 36 young (36864K), 6 survivors (6144K)
 Metaspace       used 37126K, capacity 38044K, committed 38272K, reserved 1083392K
  class space    used 4790K, capacity 5121K, committed 5248K, reserved 1048576K
GC Heap History (8 events):
Event: 1.475 GC heap before
{Heap before GC invocations=0 (full 0):
 garbage-first heap   total 260096K, used 30720K [0x0000000080000000, 0x0000000100000000)
  region size 1024K, 24 young (24576K), 0 survivors (0K)
 Metaspace       used 9867K, capacity 10114K, committed 10368K, reserved 1058816K
  class space    used 1027K, capacity 1102K, committed 1152K, reserved 1048576K
}
Event: 1.494 GC heap after
{Heap after GC invocations=1 (full 0):
 garbage-first heap   total 260096K, used 9722K [0x0000000080000000, 0x0000000100000000)
  region size 1024K, 3 young (3072K), 3 survivors (3072K)
 Metaspace       used 9867K, capacity 10114K, committed 10368K, reserved 1058816K
  class space    used 1027K, capacity 1102K, committed 1152K, reserved 1048576K
}
Event: 6.150 GC heap before
{Heap before GC invocations=1 (full 0):
 garbage-first heap   total 260096K, used 112122K [0x0000000080000000, 0x0000000100000000)
  region size 1024K, 104 young (106496K), 3 survivors (3072K)
 Metaspace       used 20726K, capacity 21134K, committed 21248K, reserved 1067008K
  class space    used 2550K, capacity 2711K, committed 2816K, reserved 1048576K
}
Event: 6.170 GC heap after
{Heap after GC invocations=2 (full 0):
 garbage-first heap   total 260096K, used 17513K [0x0000000080000000, 0x0000000100000000)
  region size 1024K, 11 young (11264K), 11 survivors (11264K)
 Metaspace       used 20726K, capacity 21134K, committed 21248K, reserved 1067008K
  class space    used 2550K, capacity 2711K, committed 2816K, reserved 1048576K
}
Event: 6.799 GC heap before
{Heap before GC invocations=3 (full 0):
 garbage-first heap   total 260096K, used 46185K [0x0000000080000000, 0x0000000100000000)
  region size 1024K, 39 young (39936K), 11 survivors (11264K)
 Metaspace       used 23529K, capacity 24052K, committed 24192K, reserved 1071104K
  class space    used 2990K, capacity 3198K, committed 3200K, reserved 1048576K
}
Event: 6.810 GC heap after
{Heap after GC invocations=4 (full 0):
 garbage-first heap   total 260096K, used 18547K [0x0000000080000000, 0x0000000100000000)
  region size 1024K, 2 young (2048K), 2 survivors (2048K)
 Metaspace       used 23529K, capacity 24052K, committed 24192K, reserved 1071104K
  class space    used 2990K, capacity 3198K, committed 3200K, reserved 1048576K
}
Event: 9.001 GC heap before
{Heap before GC invocations=4 (full 0):
 garbage-first heap   total 260096K, used 101491K [0x0000000080000000, 0x0000000100000000)
  region size 1024K, 84 young (86016K), 2 survivors (2048K)
 Metaspace       used 34902K, capacity 35719K, committed 35840K, reserved 1081344K
  class space    used 4531K, capacity 4839K, committed 4864K, reserved 1048576K
}
Event: 9.023 GC heap after
{Heap after GC invocations=5 (full 0):
 garbage-first heap   total 260096K, used 22438K [0x0000000080000000, 0x0000000100000000)
  region size 1024K, 6 young (6144K), 6 survivors (6144K)
 Metaspace       used 34902K, capacity 35719K, committed 35840K, reserved 1081344K
  class space    used 4531K, capacity 4839K, committed 4864K, reserved 1048576K
}

